warn: Publishing all events to all authenticated users. See `channels.js` and https://dove.feathersjs.com/api/channels.html for more information.
info: Feathers app listening on http://localhost:3030

warn: 2023-07-08T08:42:39.643Z: Publishing all events to all authenticated users. See `channels.js` and https://dove.feathersjs.com/api/channels.html for more information.

info: 2023-07-08T08:42:39.660Z: Feathers app listening on http://localhost:3030

warn: 2023-07-08T08:45:08.798Z: Publishing all events to all authenticated users. See `channels.js` and https://dove.feathersjs.com/api/channels.html for more information.

info: 2023-07-08T08:45:08.812Z: Feathers app listening on http://localhost:3030

warn: 2023-07-08T08:45:43.971Z: Publishing all events to all authenticated users. See `channels.js` and https://dove.feathersjs.com/api/channels.html for more information.

info: 2023-07-08T08:45:44.036Z: Feathers app listening on http://localhost:3030

warn: 2023-07-08T08:45:57.983Z: Publishing all events to all authenticated users. See `channels.js` and https://dove.feathersjs.com/api/channels.html for more information.

info: 2023-07-08T08:45:57.998Z: Feathers app listening on http://localhost:3030

warn: 2023-07-08T08:46:16.832Z: Publishing all events to all authenticated users. See `channels.js` and https://dove.feathersjs.com/api/channels.html for more information.

info: 2023-07-08T08:46:16.846Z: Feathers app listening on http://localhost:3030

warn: 2023-07-08T08:46:20.856Z: Publishing all events to all authenticated users. See `channels.js` and https://dove.feathersjs.com/api/channels.html for more information.

info: 2023-07-08T08:46:20.874Z: Feathers app listening on http://localhost:3030

warn: 2023-07-08T09:08:07.098Z: Publishing all events to all authenticated users. See `channels.js` and https://dove.feathersjs.com/api/channels.html for more information.

error: 2023-07-08T09:08:07.121Z: Unhandled Rejection Error: Can not find service 'users'
    at Function.defaultService (D:\React Native\lineup\kaam-feathers\node_modules\@feathersjs\feathers\lib\application.js:41:15)
    at Function.service (D:\React Native\lineup\kaam-feathers\node_modules\@feathersjs\feathers\lib\application.js:47:33)
    at MyAuthService.setup (D:\React Native\lineup\kaam-feathers\node_modules\@feathersjs\authentication\lib\service.js:134:26)
    at async app.hooks.setup (D:\React Native\lineup\kaam-feathers\node_modules\@feathersjs\configuration\lib\index.js:26:25)
    at async Function.listen (D:\React Native\lineup\kaam-feathers\node_modules\@feathersjs\express\lib\index.js:106:13)

warn: 2023-07-08T09:08:23.337Z: Publishing all events to all authenticated users. See `channels.js` and https://dove.feathersjs.com/api/channels.html for more information.

error: 2023-07-08T09:08:23.361Z: Unhandled Rejection Error: Can not find service 'users'
    at Function.defaultService (D:\React Native\lineup\kaam-feathers\node_modules\@feathersjs\feathers\lib\application.js:41:15)
    at Function.service (D:\React Native\lineup\kaam-feathers\node_modules\@feathersjs\feathers\lib\application.js:47:33)
    at MyAuthService.setup (D:\React Native\lineup\kaam-feathers\node_modules\@feathersjs\authentication\lib\service.js:134:26)
    at async app.hooks.setup (D:\React Native\lineup\kaam-feathers\node_modules\@feathersjs\configuration\lib\index.js:26:25)
    at async Function.listen (D:\React Native\lineup\kaam-feathers\node_modules\@feathersjs\express\lib\index.js:106:13)

warn: 2023-07-08T09:08:40.196Z: Publishing all events to all authenticated users. See `channels.js` and https://dove.feathersjs.com/api/channels.html for more information.

info: 2023-07-08T09:08:40.214Z: Feathers app listening on http://localhost:3030

warn: 2023-07-08T09:10:27.206Z: Publishing all events to all authenticated users. See `channels.js` and https://dove.feathersjs.com/api/channels.html for more information.

info: 2023-07-08T09:10:27.224Z: Feathers app listening on http://localhost:3030

warn: 2023-07-08T09:11:16.613Z: Publishing all events to all authenticated users. See `channels.js` and https://dove.feathersjs.com/api/channels.html for more information.

info: 2023-07-08T09:11:19.268Z: Feathers app listening on http://localhost:3030

warn: 2023-07-08T09:12:36.040Z: Publishing all events to all authenticated users. See `channels.js` and https://dove.feathersjs.com/api/channels.html for more information.

info: 2023-07-08T09:12:36.235Z: Feathers app listening on http://localhost:3030

warn: 2023-07-08T09:14:11.567Z: Publishing all events to all authenticated users. See `channels.js` and https://dove.feathersjs.com/api/channels.html for more information.

info: 2023-07-08T09:14:11.763Z: Feathers app listening on http://localhost:3030

warn: 2023-07-08T09:15:04.009Z: Publishing all events to all authenticated users. See `channels.js` and https://dove.feathersjs.com/api/channels.html for more information.

info: 2023-07-08T09:15:04.201Z: Feathers app listening on http://localhost:3030

warn: 2023-07-08T09:15:27.871Z: Publishing all events to all authenticated users. See `channels.js` and https://dove.feathersjs.com/api/channels.html for more information.

info: 2023-07-08T09:15:28.062Z: Feathers app listening on http://localhost:3030

warn: 2023-07-08T09:15:41.725Z: Publishing all events to all authenticated users. See `channels.js` and https://dove.feathersjs.com/api/channels.html for more information.

info: 2023-07-08T09:15:42.080Z: Feathers app listening on http://localhost:3030

warn: 2023-07-08T09:16:22.491Z: Publishing all events to all authenticated users. See `channels.js` and https://dove.feathersjs.com/api/channels.html for more information.

info: 2023-07-08T09:16:22.685Z: Feathers app listening on http://localhost:3030

warn: 2023-07-08T09:16:27.510Z: Publishing all events to all authenticated users. See `channels.js` and https://dove.feathersjs.com/api/channels.html for more information.

info: 2023-07-08T09:16:27.696Z: Feathers app listening on http://localhost:3030

warn: 2023-07-08T09:16:42.620Z: Publishing all events to all authenticated users. See `channels.js` and https://dove.feathersjs.com/api/channels.html for more information.

info: 2023-07-08T09:16:42.826Z: Feathers app listening on http://localhost:3030

warn: 2023-07-08T09:17:16.307Z: Publishing all events to all authenticated users. See `channels.js` and https://dove.feathersjs.com/api/channels.html for more information.

info: 2023-07-08T09:17:16.501Z: Feathers app listening on http://localhost:3030

warn: 2023-07-08T09:17:27.848Z: Publishing all events to all authenticated users. See `channels.js` and https://dove.feathersjs.com/api/channels.html for more information.

info: 2023-07-08T09:17:28.044Z: Feathers app listening on http://localhost:3030

warn: 2023-07-08T09:18:05.268Z: Publishing all events to all authenticated users. See `channels.js` and https://dove.feathersjs.com/api/channels.html for more information.

info: 2023-07-08T09:18:05.464Z: Feathers app listening on http://localhost:3030

warn: 2023-07-08T09:18:15.497Z: Publishing all events to all authenticated users. See `channels.js` and https://dove.feathersjs.com/api/channels.html for more information.

info: 2023-07-08T09:18:15.691Z: Feathers app listening on http://localhost:3030

warn: 2023-07-08T09:18:25.358Z: Publishing all events to all authenticated users. See `channels.js` and https://dove.feathersjs.com/api/channels.html for more information.

info: 2023-07-08T09:18:25.558Z: Feathers app listening on http://localhost:3030

warn: 2023-07-08T09:19:56.235Z: Publishing all events to all authenticated users. See `channels.js` and https://dove.feathersjs.com/api/channels.html for more information.

info: 2023-07-08T09:19:56.438Z: Feathers app listening on http://localhost:3030

warn: 2023-07-08T09:20:16.342Z: Publishing all events to all authenticated users. See `channels.js` and https://dove.feathersjs.com/api/channels.html for more information.

info: 2023-07-08T09:20:16.532Z: Feathers app listening on http://localhost:3030

warn: 2023-07-08T09:20:36.132Z: Publishing all events to all authenticated users. See `channels.js` and https://dove.feathersjs.com/api/channels.html for more information.

info: 2023-07-08T09:20:36.318Z: Feathers app listening on http://localhost:3030

warn: 2023-07-08T09:20:50.219Z: Publishing all events to all authenticated users. See `channels.js` and https://dove.feathersjs.com/api/channels.html for more information.

info: 2023-07-08T09:20:50.425Z: Feathers app listening on http://localhost:3030

warn: 2023-07-08T09:21:53.011Z: Publishing all events to all authenticated users. See `channels.js` and https://dove.feathersjs.com/api/channels.html for more information.

info: 2023-07-08T09:21:53.334Z: Feathers app listening on http://localhost:3030

warn: 2023-07-08T09:22:09.029Z: Publishing all events to all authenticated users. See `channels.js` and https://dove.feathersjs.com/api/channels.html for more information.

info: 2023-07-08T09:22:09.249Z: Feathers app listening on http://localhost:3030

warn: 2023-07-08T09:22:12.245Z: Publishing all events to all authenticated users. See `channels.js` and https://dove.feathersjs.com/api/channels.html for more information.

info: 2023-07-08T09:22:12.491Z: Feathers app listening on http://localhost:3030

warn: 2023-07-08T10:04:36.658Z: Publishing all events to all authenticated users. See `channels.js` and https://dove.feathersjs.com/api/channels.html for more information.

info: 2023-07-08T10:04:36.864Z: Feathers app listening on http://localhost:3030

error: 2023-07-08T10:13:34.595Z: BadRequest: validation failed
    at UserService.<anonymous> (D:\React Native\lineup\kaam-feathers\node_modules\@feathersjs\schema\lib\hooks\validate.js:47:35)
    at process.processTicksAndRejections (node:internal/process/task_queues:95:5)

error: 2023-07-08T10:13:34.599Z: Data: [
  {
    instancePath: '',
    schemaPath: '#/required',
    keyword: 'required',
    params: { missingProperty: 'email' },
    message: "must have required property 'email'"
  }
]

warn: 2023-07-08T10:14:25.309Z: Publishing all events to all authenticated users. See `channels.js` and https://dove.feathersjs.com/api/channels.html for more information.

info: 2023-07-08T10:14:27.875Z: Feathers app listening on http://localhost:3030

warn: 2023-07-08T10:19:15.221Z: Publishing all events to all authenticated users. See `channels.js` and https://dove.feathersjs.com/api/channels.html for more information.

info: 2023-07-08T10:19:15.419Z: Feathers app listening on http://localhost:3030

warn: 2023-07-08T10:19:58.836Z: Publishing all events to all authenticated users. See `channels.js` and https://dove.feathersjs.com/api/channels.html for more information.

info: 2023-07-08T10:19:59.042Z: Feathers app listening on http://localhost:3030

error: 2023-07-08T10:21:11.987Z: BadRequest: validation failed
    at UserService.<anonymous> (D:\React Native\lineup\kaam-feathers\node_modules\@feathersjs\schema\lib\hooks\validate.js:47:35)
    at process.processTicksAndRejections (node:internal/process/task_queues:95:5)

error: 2023-07-08T10:21:11.994Z: Data: [
  {
    instancePath: '/dateofbirth',
    schemaPath: '#/properties/dateofbirth/format',
    keyword: 'format',
    params: { format: 'date' },
    message: 'must match format "date"'
  }
]

error: 2023-07-08T10:21:17.541Z: BadRequest: validation failed
    at UserService.<anonymous> (D:\React Native\lineup\kaam-feathers\node_modules\@feathersjs\schema\lib\hooks\validate.js:47:35)
    at process.processTicksAndRejections (node:internal/process/task_queues:95:5)

error: 2023-07-08T10:21:17.543Z: Data: [
  {
    instancePath: '/dateofbirth',
    schemaPath: '#/properties/dateofbirth/format',
    keyword: 'format',
    params: { format: 'date' },
    message: 'must match format "date"'
  }
]

warn: 2023-07-08T10:38:50.659Z: Publishing all events to all authenticated users. See `channels.js` and https://dove.feathersjs.com/api/channels.html for more information.

info: 2023-07-08T10:38:50.906Z: Feathers app listening on http://localhost:3030

warn: 2023-07-08T12:28:21.652Z: Publishing all events to all authenticated users. See `channels.js` and https://dove.feathersjs.com/api/channels.html for more information.

info: 2023-07-08T12:28:24.257Z: Feathers app listening on http://localhost:3030

warn: 2023-07-08T12:29:20.841Z: Publishing all events to all authenticated users. See `channels.js` and https://dove.feathersjs.com/api/channels.html for more information.

info: 2023-07-08T12:29:21.071Z: Feathers app listening on http://localhost:3030

warn: 2023-07-08T12:29:53.574Z: Publishing all events to all authenticated users. See `channels.js` and https://dove.feathersjs.com/api/channels.html for more information.

info: 2023-07-08T12:29:53.787Z: Feathers app listening on http://localhost:3030

warn: 2023-07-08T12:30:18.075Z: Publishing all events to all authenticated users. See `channels.js` and https://dove.feathersjs.com/api/channels.html for more information.

info: 2023-07-08T12:30:18.339Z: Feathers app listening on http://localhost:3030

warn: 2023-07-08T13:10:26.484Z: Publishing all events to all authenticated users. See `channels.js` and https://dove.feathersjs.com/api/channels.html for more information.

info: 2023-07-08T13:10:28.933Z: Feathers app listening on http://localhost:3030

warn: 2023-07-08T13:11:55.795Z: Publishing all events to all authenticated users. See `channels.js` and https://dove.feathersjs.com/api/channels.html for more information.

info: 2023-07-08T13:11:55.998Z: Feathers app listening on http://localhost:3030

error: 2023-07-08T13:12:49.834Z: BadRequest: validation failed
    at UserService.<anonymous> (D:\React Native\lineup\kaam-feathers\node_modules\@feathersjs\schema\lib\hooks\validate.js:47:35)
    at process.processTicksAndRejections (node:internal/process/task_queues:95:5)

error: 2023-07-08T13:12:49.850Z: Data: [
  {
    instancePath: '',
    schemaPath: '#/additionalProperties',
    keyword: 'additionalProperties',
    params: { additionalProperty: 'profilePic' },
    message: 'must NOT have additional properties'
  }
]

warn: 2023-07-08T13:13:09.457Z: Publishing all events to all authenticated users. See `channels.js` and https://dove.feathersjs.com/api/channels.html for more information.

info: 2023-07-08T13:13:09.662Z: Feathers app listening on http://localhost:3030
